e:\_document\github\spine\lpng1634\projects\vstudio\debug library\libpng16.bsc
e:\_document\github\spine\lpng1634\projects\vstudio\libpng\debug library\libpng16.pch
e:\_document\github\spine\lpng1634\projects\vstudio\libpng\debug library\vc120.pdb
e:\_document\github\spine\lpng1634\projects\vstudio\libpng\debug library\png.sbr
e:\_document\github\spine\lpng1634\projects\vstudio\libpng\debug library\png.obj
e:\_document\github\spine\lpng1634\projects\vstudio\libpng\debug library\pngerror.sbr
e:\_document\github\spine\lpng1634\projects\vstudio\libpng\debug library\pngget.sbr
e:\_document\github\spine\lpng1634\projects\vstudio\libpng\debug library\pngmem.sbr
e:\_document\github\spine\lpng1634\projects\vstudio\libpng\debug library\pngpread.sbr
e:\_document\github\spine\lpng1634\projects\vstudio\libpng\debug library\pngread.sbr
e:\_document\github\spine\lpng1634\projects\vstudio\libpng\debug library\pngrio.sbr
e:\_document\github\spine\lpng1634\projects\vstudio\libpng\debug library\pngrtran.sbr
e:\_document\github\spine\lpng1634\projects\vstudio\libpng\debug library\pngrutil.sbr
e:\_document\github\spine\lpng1634\projects\vstudio\libpng\debug library\pngset.sbr
e:\_document\github\spine\lpng1634\projects\vstudio\libpng\debug library\pngtrans.sbr
e:\_document\github\spine\lpng1634\projects\vstudio\libpng\debug library\pngwio.sbr
e:\_document\github\spine\lpng1634\projects\vstudio\libpng\debug library\pngwrite.sbr
e:\_document\github\spine\lpng1634\projects\vstudio\libpng\debug library\pngwtran.sbr
e:\_document\github\spine\lpng1634\projects\vstudio\libpng\debug library\pngwutil.sbr
e:\_document\github\spine\lpng1634\projects\vstudio\libpng\debug library\pngwutil.obj
e:\_document\github\spine\lpng1634\projects\vstudio\libpng\debug library\pngwtran.obj
e:\_document\github\spine\lpng1634\projects\vstudio\libpng\debug library\pngwrite.obj
e:\_document\github\spine\lpng1634\projects\vstudio\libpng\debug library\pngwio.obj
e:\_document\github\spine\lpng1634\projects\vstudio\libpng\debug library\pngtrans.obj
e:\_document\github\spine\lpng1634\projects\vstudio\libpng\debug library\pngset.obj
e:\_document\github\spine\lpng1634\projects\vstudio\libpng\debug library\pngrutil.obj
e:\_document\github\spine\lpng1634\projects\vstudio\libpng\debug library\pngrtran.obj
e:\_document\github\spine\lpng1634\projects\vstudio\libpng\debug library\pngrio.obj
e:\_document\github\spine\lpng1634\projects\vstudio\libpng\debug library\pngread.obj
e:\_document\github\spine\lpng1634\projects\vstudio\libpng\debug library\pngpread.obj
e:\_document\github\spine\lpng1634\projects\vstudio\libpng\debug library\pngmem.obj
e:\_document\github\spine\lpng1634\projects\vstudio\libpng\debug library\pngget.obj
e:\_document\github\spine\lpng1634\projects\vstudio\libpng\debug library\pngerror.obj
e:\_document\github\spine\lpng1634\projects\vstudio\debug library\libpng16.lib
e:\_document\github\spine\lpng1634\projects\vstudio\libpng\debug library\libpng.tlog\bscmake.command.1.tlog
e:\_document\github\spine\lpng1634\projects\vstudio\libpng\debug library\libpng.tlog\bscmake.read.1.tlog
e:\_document\github\spine\lpng1634\projects\vstudio\libpng\debug library\libpng.tlog\bscmake.write.1.tlog
e:\_document\github\spine\lpng1634\projects\vstudio\libpng\debug library\libpng.tlog\cl.command.1.tlog
e:\_document\github\spine\lpng1634\projects\vstudio\libpng\debug library\libpng.tlog\cl.read.1.tlog
e:\_document\github\spine\lpng1634\projects\vstudio\libpng\debug library\libpng.tlog\cl.write.1.tlog
e:\_document\github\spine\lpng1634\projects\vstudio\libpng\debug library\libpng.tlog\lib-link.read.1.tlog
e:\_document\github\spine\lpng1634\projects\vstudio\libpng\debug library\libpng.tlog\lib-link.write.1.tlog
e:\_document\github\spine\lpng1634\projects\vstudio\libpng\debug library\libpng.tlog\lib.command.1.tlog
