e:\_document\github\spine\lpng1634\projects\vstudio\release library\libpng16.bsc
e:\_document\github\spine\lpng1634\projects\vstudio\libpng\release library\libpng16.pch
e:\_document\github\spine\lpng1634\projects\vstudio\libpng\release library\vc120.pdb
e:\_document\github\spine\lpng1634\projects\vstudio\libpng\release library\png.sbr
e:\_document\github\spine\lpng1634\projects\vstudio\libpng\release library\png.obj
e:\_document\github\spine\lpng1634\projects\vstudio\libpng\release library\pngerror.sbr
e:\_document\github\spine\lpng1634\projects\vstudio\libpng\release library\pngget.sbr
e:\_document\github\spine\lpng1634\projects\vstudio\libpng\release library\pngmem.sbr
e:\_document\github\spine\lpng1634\projects\vstudio\libpng\release library\pngpread.sbr
e:\_document\github\spine\lpng1634\projects\vstudio\libpng\release library\pngread.sbr
e:\_document\github\spine\lpng1634\projects\vstudio\libpng\release library\pngrio.sbr
e:\_document\github\spine\lpng1634\projects\vstudio\libpng\release library\pngrtran.sbr
e:\_document\github\spine\lpng1634\projects\vstudio\libpng\release library\pngrutil.sbr
e:\_document\github\spine\lpng1634\projects\vstudio\libpng\release library\pngset.sbr
e:\_document\github\spine\lpng1634\projects\vstudio\libpng\release library\pngtrans.sbr
e:\_document\github\spine\lpng1634\projects\vstudio\libpng\release library\pngwio.sbr
e:\_document\github\spine\lpng1634\projects\vstudio\libpng\release library\pngwrite.sbr
e:\_document\github\spine\lpng1634\projects\vstudio\libpng\release library\pngwtran.sbr
e:\_document\github\spine\lpng1634\projects\vstudio\libpng\release library\pngwutil.sbr
e:\_document\github\spine\lpng1634\projects\vstudio\libpng\release library\pngwutil.obj
e:\_document\github\spine\lpng1634\projects\vstudio\libpng\release library\pngwtran.obj
e:\_document\github\spine\lpng1634\projects\vstudio\libpng\release library\pngwrite.obj
e:\_document\github\spine\lpng1634\projects\vstudio\libpng\release library\pngwio.obj
e:\_document\github\spine\lpng1634\projects\vstudio\libpng\release library\pngtrans.obj
e:\_document\github\spine\lpng1634\projects\vstudio\libpng\release library\pngset.obj
e:\_document\github\spine\lpng1634\projects\vstudio\libpng\release library\pngrutil.obj
e:\_document\github\spine\lpng1634\projects\vstudio\libpng\release library\pngrtran.obj
e:\_document\github\spine\lpng1634\projects\vstudio\libpng\release library\pngrio.obj
e:\_document\github\spine\lpng1634\projects\vstudio\libpng\release library\pngread.obj
e:\_document\github\spine\lpng1634\projects\vstudio\libpng\release library\pngpread.obj
e:\_document\github\spine\lpng1634\projects\vstudio\libpng\release library\pngmem.obj
e:\_document\github\spine\lpng1634\projects\vstudio\libpng\release library\pngget.obj
e:\_document\github\spine\lpng1634\projects\vstudio\libpng\release library\pngerror.obj
e:\_document\github\spine\lpng1634\projects\vstudio\release library\libpng16.lib
e:\_document\github\spine\lpng1634\projects\vstudio\libpng\release library\libpng.tlog\bscmake.command.1.tlog
e:\_document\github\spine\lpng1634\projects\vstudio\libpng\release library\libpng.tlog\bscmake.read.1.tlog
e:\_document\github\spine\lpng1634\projects\vstudio\libpng\release library\libpng.tlog\bscmake.write.1.tlog
e:\_document\github\spine\lpng1634\projects\vstudio\libpng\release library\libpng.tlog\cl.command.1.tlog
e:\_document\github\spine\lpng1634\projects\vstudio\libpng\release library\libpng.tlog\cl.read.1.tlog
e:\_document\github\spine\lpng1634\projects\vstudio\libpng\release library\libpng.tlog\cl.write.1.tlog
e:\_document\github\spine\lpng1634\projects\vstudio\libpng\release library\libpng.tlog\lib-link.read.1.tlog
e:\_document\github\spine\lpng1634\projects\vstudio\libpng\release library\libpng.tlog\lib-link.write.1.tlog
e:\_document\github\spine\lpng1634\projects\vstudio\libpng\release library\libpng.tlog\lib.command.1.tlog
