Build started 2018-01-14 오전 12:48:19.
     1>Project "E:\_document\GitHub\spine\41spine3_5_35\41spine3_5_35.vcxproj" on node 3 (Build target(s)).
     1>PrepareForBuild:
         Creating directory "E:\_document\GitHub\spine\11_glbase\proj.win\..\lib\".
         Creating directory "Debug\41spine3_5_35.tlog\".
       InitializeBuildStatus:
         Creating "Debug\41spine3_5_35.tlog\unsuccessfulbuild" because "AlwaysCreate" was specified.
       ClCompile:
         C:\Program Files (x86)\Microsoft Visual Studio 12.0\VC\bin\CL.exe /c /I.\include /ID:\_dxsdk2010jun\Include /I"C:\Program Files\Microsoft SDKs\Windows\v7.1\Samples\multimedia\directshow\baseclasses" /IE:/_document/_Afew_work/glc314\include /Z7 /nologo /W3 /WX- /Od /Oy- /D WIN32 /D _DEBUG /D _LIB /D _MBCS /Gm /EHsc /RTC1 /MTd /GS /fp:precise /Zc:wchar_t /Zc:forScope /Fo"Debug\\" /Fd"Debug\vc120.pdb" /Gd /TC /wd4018 /wd4244 /wd4996 /analyze- /errorReport:prompt src\spine\Animation.c src\spine\AnimationState.c src\spine\AnimationStateData.c src\spine\Atlas.c src\spine\AtlasAttachmentLoader.c src\spine\Attachment.c src\spine\AttachmentLoader.c src\spine\Bone.c src\spine\BoneData.c src\spine\BoundingBoxAttachment.c src\spine\Event.c src\spine\EventData.c src\spine\extension.c src\spine\IkConstraint.c src\spine\IkConstraintData.c src\spine\Json.c src\spine\MeshAttachment.c src\spine\PathAttachment.c src\spine\PathConstraint.c src\spine\PathConstraintData.c src\spine\RegionAttachment.c src\spine\Skeleton.c src\spine\SkeletonBinary.c src\spine\SkeletonBounds.c src\spine\SkeletonData.c src\spine\SkeletonJson.c src\spine\Skin.c src\spine\Slot.c src\spine\SlotData.c src\spine\TransformConstraint.c src\spine\TransformConstraintData.c src\spine\VertexAttachment.c
     1>cl : Command line warning D9007: '/Gm' requires '/Zi or /ZI'; option ignored
         Animation.c
         AnimationState.c
         AnimationStateData.c
         Atlas.c
         AtlasAttachmentLoader.c
         Attachment.c
         AttachmentLoader.c
         Bone.c
         BoneData.c
         BoundingBoxAttachment.c
         Event.c
         EventData.c
         extension.c
         IkConstraint.c
         IkConstraintData.c
         Json.c
         MeshAttachment.c
         PathAttachment.c
         PathConstraint.c
         PathConstraintData.c
         Generating Code...
         Compiling...
         RegionAttachment.c
         Skeleton.c
         SkeletonBinary.c
         SkeletonBounds.c
         SkeletonData.c
         SkeletonJson.c
         Skin.c
         Slot.c
         SlotData.c
         TransformConstraint.c
         TransformConstraintData.c
         VertexAttachment.c
         Generating Code...
       Lib:
         C:\Program Files (x86)\Microsoft Visual Studio 12.0\VC\bin\Lib.exe /OUT:"E:\_document\GitHub\spine\11_glbase\proj.win\..\lib\lgpwn_spine_.lib" /NOLOGO Debug\Animation.obj
         Debug\AnimationState.obj
         Debug\AnimationStateData.obj
         Debug\Atlas.obj
         Debug\AtlasAttachmentLoader.obj
         Debug\Attachment.obj
         Debug\AttachmentLoader.obj
         Debug\Bone.obj
         Debug\BoneData.obj
         Debug\BoundingBoxAttachment.obj
         Debug\Event.obj
         Debug\EventData.obj
         Debug\extension.obj
         Debug\IkConstraint.obj
         Debug\IkConstraintData.obj
         Debug\Json.obj
         Debug\MeshAttachment.obj
         Debug\PathAttachment.obj
         Debug\PathConstraint.obj
         Debug\PathConstraintData.obj
         Debug\RegionAttachment.obj
         Debug\Skeleton.obj
         Debug\SkeletonBinary.obj
         Debug\SkeletonBounds.obj
         Debug\SkeletonData.obj
         Debug\SkeletonJson.obj
         Debug\Skin.obj
         Debug\Slot.obj
         Debug\SlotData.obj
         Debug\TransformConstraint.obj
         Debug\TransformConstraintData.obj
         Debug\VertexAttachment.obj
         41spine3_5_35.vcxproj -> E:\_document\GitHub\spine\11_glbase\proj.win\..\lib\lgpwn_spine_.lib
       FinalizeBuildStatus:
         Deleting file "Debug\41spine3_5_35.tlog\unsuccessfulbuild".
         Touching "Debug\41spine3_5_35.tlog\41spine3_5_35.lastbuildstate".
     1>Done Building Project "E:\_document\GitHub\spine\41spine3_5_35\41spine3_5_35.vcxproj" (Build target(s)).

Build succeeded.

Time Elapsed 00:00:02.68
